<?xml version="1.0" encoding="UTF-8" standalone="no"?>
<!DOCTYPE log SYSTEM "logger.dtd">
<log>
<record>
  <date>2019-10-10T14:09:41.313-0300</date>
  <logger>VITOR MOTA LEITE DINIZ</logger>
  <level>FINE</level>
  <message>File 118210379-VITOR MOTA LEITE DINIZ.zip was received. It was sent by VITOR MOTA LEITE DINIZ from IP 150.165.42.142 at 10-10-2019 14*09*41</message>
</record>
</log>
<?xml version="1.0" encoding="UTF-8" standalone="no"?>
<!DOCTYPE log SYSTEM "logger.dtd">
<log>
<record>
  <date>2019-10-10T14:13:14.506-0300</date>
  <logger>VITOR MOTA LEITE DINIZ</logger>
  <level>FINE</level>
  <message>File 118210379-VITOR MOTA LEITE DINIZ.zip was received. It was sent by VITOR MOTA LEITE DINIZ from IP 150.165.42.142 at 10-10-2019 14*13*14</message>
</record>
</log>
<?xml version="1.0" encoding="UTF-8" standalone="no"?>
<!DOCTYPE log SYSTEM "logger.dtd">
<log>
<record>
  <date>2019-10-11T21:59:40.038-0300</date>
  <logger>VITOR MOTA LEITE DINIZ</logger>
  <level>FINE</level>
  <message>File 118210379-VITOR MOTA LEITE DINIZ.zip was received. It was sent by VITOR MOTA LEITE DINIZ from IP 192.168.0.12 at 11-10-2019 21*59*40</message>
</record>
