<?xml version="1.0" encoding="UTF-8" standalone="no"?>
<!DOCTYPE log SYSTEM "logger.dtd">
<log>
<record>
  <date>2019-09-30T16:17:02.483-0300</date>
  <logger>VITOR MOTA LEITE DINIZ</logger>
  <level>FINE</level>
  <message>File 118210379-VITOR MOTA LEITE DINIZ.zip was received. It was sent by VITOR MOTA LEITE DINIZ from IP 150.165.42.143 at 30-09-2019 16*17*02</message>
</record>
</log>
<?xml version="1.0" encoding="UTF-8" standalone="no"?>
<!DOCTYPE log SYSTEM "logger.dtd">
<log>
<record>
  <date>2019-09-30T17:07:26.599-0300</date>
  <logger>VITOR MOTA LEITE DINIZ</logger>
  <level>FINE</level>
  <message>File 118210379-VITOR MOTA LEITE DINIZ.zip was received. It was sent by VITOR MOTA LEITE DINIZ from IP 150.165.42.143 at 30-09-2019 17*07*26</message>
</record>
</log>
<?xml version="1.0" encoding="UTF-8" standalone="no"?>
<!DOCTYPE log SYSTEM "logger.dtd">
<log>
<record>
  <date>2019-09-30T17:17:53.555-0300</date>
  <logger>VITOR MOTA LEITE DINIZ</logger>
  <level>FINE</level>
  <message>File 118210379-VITOR MOTA LEITE DINIZ.zip was received. It was sent by VITOR MOTA LEITE DINIZ from IP 150.165.42.143 at 30-09-2019 17*17*53</message>
</record>
</log>
<?xml version="1.0" encoding="UTF-8" standalone="no"?>
<!DOCTYPE log SYSTEM "logger.dtd">
<log>
<record>
  <date>2019-09-30T17:21:51.943-0300</date>
  <logger>VITOR MOTA LEITE DINIZ</logger>
  <level>FINE</level>
  <message>File 118210379-VITOR MOTA LEITE DINIZ.zip was received. It was sent by VITOR MOTA LEITE DINIZ from IP 150.165.42.143 at 30-09-2019 17*21*51</message>
</record>
</log>
<?xml version="1.0" encoding="UTF-8" standalone="no"?>
<!DOCTYPE log SYSTEM "logger.dtd">
<log>
<record>
  <date>2019-09-30T17:23:52.264-0300</date>
  <logger>VITOR MOTA LEITE DINIZ</logger>
  <level>FINE</level>
  <message>File 118210379-VITOR MOTA LEITE DINIZ.zip was received. It was sent by VITOR MOTA LEITE DINIZ from IP 150.165.42.143 at 30-09-2019 17*23*52</message>
</record>
</log>
<?xml version="1.0" encoding="UTF-8" standalone="no"?>
<!DOCTYPE log SYSTEM "logger.dtd">
<log>
<record>
  <date>2019-09-30T17:29:53.736-0300</date>
  <logger>VITOR MOTA LEITE DINIZ</logger>
  <level>FINE</level>
  <message>File 118210379-VITOR MOTA LEITE DINIZ.zip was received. It was sent by VITOR MOTA LEITE DINIZ from IP 150.165.42.143 at 30-09-2019 17*29*53</message>
</record>
